=== Synthetic Probe Started ===
Endpoint: http://localhost:8080/checkout/health
Threshold: HTTP 200 && latency < 500ms
Interval: 5s
Start: 2026-06-16T08:00:00Z
---
1781683200 pass 21
1781683205 pass 25
1781683210 pass 21
1781683215 pass 19
1781683220 pass 19
1781683225 pass 19
1781683230 pass 14
1781683235 pass 25
1781683240 pass 28
1781683245 pass 16
1781683250 pass 17
1781683255 pass 16
1781683260 pass 26
1781683265 pass 13
1781683270 pass 13
1781683275 pass 34
1781683280 pass 22
1781683285 pass 21
1781683290 pass 31
1781683295 pass 12
1781683300 pass 17
1781683305 pass 12
1781683310 pass 32
1781683315 pass 22
1781683320 pass 23
1781683325 pass 35
1781683330 pass 19
1781683335 pass 34
1781683340 pass 19
1781683345 pass 25
1781683350 pass 13
1781683355 pass 17
1781683360 pass 23
1781683365 pass 16
1781683370 pass 13
1781683375 pass 14
1781683380 pass 16
1781683385 pass 24
1781683390 pass 35
1781683395 pass 14
1781683400 pass 35
1781683405 pass 34
1781683410 pass 15
1781683415 pass 33
1781683420 pass 21
1781683425 pass 23
1781683430 pass 16
1781683435 pass 19
1781683440 pass 14
1781683445 pass 17
1781683450 pass 13
1781683455 pass 23
1781683460 pass 33
1781683465 pass 14
1781683470 pass 18
1781683475 pass 20
1781683480 pass 24
1781683485 pass 20
1781683490 pass 30
1781683495 pass 29
1781683500 pass 29
1781683505 pass 34
1781683510 pass 21
1781683515 pass 25
1781683520 pass 17
1781683525 pass 25
1781683530 pass 14
1781683535 pass 34
1781683540 pass 33
1781683545 pass 19
1781683550 pass 31
1781683555 pass 25
1781683560 pass 26
1781683565 pass 25
1781683570 pass 29
1781683575 pass 35
1781683580 pass 32
1781683585 pass 20
1781683590 pass 32
1781683595 pass 27
1781683600 pass 20
1781683605 pass 29
1781683610 pass 15
1781683615 pass 33
1781683620 fail 200 522
1781683625 fail 200 549
1781683630 fail 200 550
1781683635 fail 200 542
1781683640 fail 200 530
1781683645 fail 200 583
1781683650 fail 200 584
1781683655 fail 200 536
1781683660 fail 200 526
1781683665 fail 200 546
1781683670 fail 200 550
1781683675 fail 200 539
1781683680 pass 12
1781683685 pass 26
1781683690 pass 29
1781683695 pass 13
1781683700 pass 20
1781683705 pass 35
1781683710 pass 24
1781683715 pass 28
1781683720 pass 19
1781683725 pass 31
1781683730 pass 17
1781683735 pass 18
1781683740 pass 28
1781683745 pass 19
1781683750 pass 34
1781683755 pass 15
1781683760 pass 23
1781683765 pass 13
1781683770 pass 26
1781683775 pass 32
1781683780 pass 16
1781683785 pass 25
1781683790 pass 32
1781683795 pass 25
1781683800 pass 12
1781683805 pass 26
1781683810 pass 30
1781683815 pass 33
1781683820 pass 24
1781683825 pass 14
1781683830 pass 35
1781683835 pass 19
1781683840 pass 17
1781683845 pass 28
1781683850 pass 18
1781683855 pass 17
1781683860 pass 15
1781683865 pass 16
1781683870 pass 22
1781683875 fail 200 925
1781683880 pass 32
1781683885 fail 200 845
1781683890 pass 24
1781683895 pass 20
1781683900 fail 200 913
1781683905 pass 15
1781683910 fail 200 569
1781683915 pass 39
1781683920 pass 14
1781683925 pass 13
1781683930 pass 12
1781683935 pass 33
1781683940 pass 35
1781683945 pass 20
1781683950 pass 27
1781683955 pass 13
1781683960 pass 25
1781683965 pass 32
1781683970 pass 17
1781683975 pass 18
1781683980 pass 13
1781683985 pass 15
1781683990 pass 35
1781683995 pass 20
1781684000 pass 15
1781684005 pass 31
1781684010 pass 25
1781684015 pass 27
1781684020 pass 19
1781684025 pass 19
1781684030 pass 19
1781684035 pass 20
1781684040 pass 32
1781684045 pass 13
1781684050 pass 22
1781684055 pass 24
1781684060 pass 32
1781684065 pass 31
1781684070 pass 31
1781684075 pass 31
1781684080 pass 32
1781684085 pass 12
1781684090 pass 35
1781684095 pass 15
1781684100 pass 24
1781684105 pass 20
1781684110 pass 15
1781684115 pass 28
1781684120 pass 30
1781684125 pass 31
1781684130 pass 14
1781684135 pass 14
1781684140 pass 24
1781684145 pass 21
1781684150 pass 12
1781684155 pass 28
1781684160 fail 503 13
1781684165 fail 503 12
1781684170 fail 503 14
1781684175 fail 503 13
1781684180 fail 503 14
1781684185 fail 503 14
1781684190 fail 503 5
1781684195 fail 503 14
1781684200 fail 503 9
1781684205 fail 503 11
1781684210 fail 503 12
1781684215 fail 503 6
1781684220 pass 18
1781684225 pass 20
1781684230 pass 12
1781684235 pass 34
1781684240 pass 18
1781684245 pass 33
1781684250 pass 34
1781684255 pass 15
1781684260 pass 23
1781684265 pass 23
1781684270 pass 13
1781684275 pass 26
1781684280 pass 20
1781684285 pass 35
1781684290 pass 25
1781684295 pass 18
1781684300 pass 13
1781684305 pass 29
1781684310 pass 25
1781684315 pass 24
1781684320 pass 29
1781684325 pass 24
1781684330 pass 31
1781684335 pass 28
1781684340 pass 27
1781684345 pass 31
1781684350 pass 24
1781684355 pass 14
1781684360 pass 22
1781684365 pass 32
1781684370 pass 33
1781684375 pass 28
1781684380 pass 34
1781684385 pass 25
1781684390 pass 24
1781684395 pass 23
1781684400 fail 200 632
1781684405 fail 200 727
1781684410 fail 200 713
1781684415 fail 200 638
1781684420 fail 200 617
1781684425 fail 200 711
1781684430 fail 200 691
1781684435 fail 200 732
1781684440 fail 200 662
1781684445 fail 200 726
1781684450 fail 200 679
1781684455 fail 200 738
1781684460 pass 18
1781684465 pass 18
1781684470 pass 31
1781684475 pass 21
1781684480 pass 31
1781684485 pass 33
1781684490 pass 28
1781684495 pass 23
1781684500 pass 17
1781684505 pass 27
1781684510 pass 28
1781684515 pass 19
1781684520 pass 27
1781684525 pass 14
1781684530 pass 14
1781684535 pass 15
1781684540 pass 25
1781684545 pass 33
1781684550 pass 26
1781684555 pass 17
1781684560 pass 32
1781684565 pass 33
1781684570 pass 28
1781684575 pass 33
1781684580 pass 12
1781684585 pass 18
1781684590 pass 28
1781684595 pass 32
1781684600 pass 13
1781684605 pass 26
1781684610 pass 12
1781684615 pass 15
1781684620 pass 26
1781684625 pass 33
1781684630 pass 25
1781684635 pass 34
1781684640 pass 26
1781684645 pass 24
1781684650 pass 24
1781684655 pass 12
1781684660 pass 22
1781684665 pass 35
1781684670 pass 17
1781684675 pass 32
1781684680 pass 33
1781684685 pass 26
1781684690 pass 16
1781684695 pass 17
1781684700 fail 500 23
1781684705 fail 200 520
1781684710 fail 200 523
1781684715 fail 500 24
1781684720 fail 200 538
1781684725 fail 500 11
1781684730 fail 200 522
1781684735 fail 200 522
1781684740 fail 500 23
1781684745 fail 200 514
1781684750 fail 500 23
1781684755 fail 500 13
1781684760 pass 26
1781684765 pass 21
1781684770 pass 25
1781684775 pass 30
1781684780 pass 20
1781684785 pass 27
1781684790 pass 25
1781684795 pass 18
1781684800 pass 19
1781684805 pass 25
1781684810 pass 25
1781684815 pass 34
1781684820 pass 31
1781684825 pass 30
1781684830 pass 35
1781684835 pass 22
1781684840 pass 12
1781684845 pass 21
1781684850 pass 19
1781684855 pass 25
1781684860 pass 14
1781684865 pass 23
1781684870 pass 32
1781684875 pass 34
1781684880 pass 23
1781684885 pass 25
1781684890 pass 26
1781684895 pass 18
1781684900 pass 35
1781684905 pass 32
1781684910 pass 29
1781684915 pass 33
1781684920 pass 31
1781684925 pass 33
1781684930 pass 12
1781684935 pass 33
1781684940 pass 31
1781684945 pass 23
1781684950 pass 26
1781684955 pass 16
1781684960 pass 12
1781684965 pass 31
1781684970 pass 12
1781684975 pass 28
1781684980 pass 24
1781684985 pass 20
1781684990 pass 33
1781684995 pass 30
1781685000 fail 401 19
1781685005 fail 401 18
1781685010 fail 401 16
1781685015 fail 401 13
1781685020 fail 401 14
1781685025 fail 401 10
1781685030 fail 401 20
1781685035 fail 401 15
1781685040 fail 401 14
1781685045 fail 401 18
1781685050 fail 401 13
1781685055 fail 401 20
1781685060 pass 21
1781685065 pass 31
1781685070 pass 13
1781685075 pass 30
1781685080 pass 34
1781685085 pass 30
1781685090 pass 30
1781685095 pass 28
1781685100 pass 17
1781685105 pass 27
1781685110 pass 20
1781685115 pass 34
1781685120 pass 21
1781685125 pass 21
1781685130 pass 30
1781685135 pass 12
1781685140 pass 13
1781685145 pass 20
1781685150 pass 17
1781685155 pass 13
1781685160 pass 23
1781685165 pass 13
1781685170 pass 20
1781685175 pass 25
1781685180 pass 20
1781685185 pass 24
1781685190 pass 24
1781685195 pass 20
1781685200 pass 17
1781685205 pass 29
1781685210 pass 30
1781685215 pass 19
1781685220 pass 14
1781685225 pass 23
1781685230 pass 17
1781685235 pass 13
1781685240 pass 16
1781685245 pass 30
1781685250 pass 35
1781685255 pass 23
1781685260 pass 32
1781685265 pass 26
1781685270 pass 32
1781685275 pass 26
1781685280 pass 28
1781685285 pass 33
1781685290 pass 22
1781685295 pass 35
1781685300 pass 19
1781685305 pass 22
1781685310 pass 25
1781685315 pass 24
1781685320 pass 19
1781685325 pass 29
1781685330 pass 19
1781685335 pass 18
1781685340 pass 17
1781685345 pass 16
1781685350 pass 20
1781685355 pass 30
1781685360 pass 27
1781685365 pass 18
1781685370 pass 20
1781685375 pass 27
1781685380 pass 13
1781685385 pass 15
1781685390 pass 17
1781685395 pass 30
1781685400 pass 20
1781685405 pass 26
1781685410 pass 17
1781685415 pass 29
1781685420 pass 34
1781685425 pass 25
1781685430 pass 31
1781685435 pass 14
1781685440 pass 25
1781685445 pass 28
1781685450 pass 30
1781685455 pass 21
1781685460 pass 24
1781685465 pass 20
1781685470 pass 15
1781685475 pass 24
1781685480 pass 18
1781685485 pass 23
1781685490 pass 29
1781685495 pass 34
1781685500 pass 21
1781685505 pass 30
1781685510 pass 25
1781685515 pass 33
1781685520 pass 20
1781685525 pass 20
1781685530 pass 12
1781685535 pass 27
1781685540 pass 18
1781685545 pass 18
1781685550 pass 26
1781685555 pass 20
1781685560 pass 34
1781685565 pass 25
1781685570 pass 28
1781685575 pass 24
1781685580 pass 31
1781685585 pass 32
1781685590 pass 33
1781685595 pass 18
1781685600 fail 000 2000
1781685605 fail 000 2000
1781685610 fail 000 2000
1781685615 fail 000 2000
1781685620 fail 502 5
1781685625 fail 000 2000
1781685630 pass 13
1781685635 pass 35
1781685640 pass 22
1781685645 pass 30
1781685650 pass 22
1781685655 pass 25
1781685660 pass 19
1781685665 pass 32
1781685670 pass 18
1781685675 pass 13
1781685680 pass 27
1781685685 pass 26
1781685690 pass 32
1781685695 pass 16
1781685700 pass 26
1781685705 pass 27
1781685710 pass 29
1781685715 pass 13
1781685720 pass 30
1781685725 pass 30
1781685730 pass 27
1781685735 pass 20
1781685740 pass 23
1781685745 pass 15
1781685750 pass 33
1781685755 pass 24
1781685760 pass 31
1781685765 pass 29
1781685770 pass 33
1781685775 pass 29
1781685780 pass 16
1781685785 pass 19
1781685790 pass 22
1781685795 pass 19
1781685800 pass 33
1781685805 pass 33
1781685810 pass 22
1781685815 pass 25
1781685820 pass 19
1781685825 pass 22
1781685830 pass 31
1781685835 pass 14
1781685840 fail 200 2036
1781685845 fail 200 2011
1781685850 fail 200 2011
1781685855 fail 200 2040
1781685860 fail 200 2031
1781685865 fail 200 2031
1781685870 fail 200 2029
1781685875 fail 200 2027
1781685880 fail 200 2025
1781685885 fail 200 2039
1781685890 fail 200 2016
1781685895 fail 200 2031
1781685900 pass 35
1781685905 pass 18
1781685910 pass 18
1781685915 pass 16
1781685920 pass 18
1781685925 pass 32
1781685930 pass 35
1781685935 pass 17
1781685940 pass 33
1781685945 pass 32
1781685950 pass 14
1781685955 pass 12
1781685960 pass 29
1781685965 pass 28
1781685970 pass 18
1781685975 pass 33
1781685980 pass 30
1781685985 pass 17
1781685990 pass 27
1781685995 pass 26
1781686000 pass 16
1781686005 pass 26
1781686010 pass 18
1781686015 pass 18
1781686020 pass 15
1781686025 pass 21
1781686030 pass 32
1781686035 pass 28
1781686040 pass 32
1781686045 pass 21
1781686050 pass 13
1781686055 pass 21
1781686060 pass 16
1781686065 pass 23
1781686070 pass 25
1781686075 pass 21
1781686080 pass 16
1781686085 pass 30
1781686090 pass 35
1781686095 pass 14
1781686100 pass 30
1781686105 pass 34
1781686110 pass 16
1781686115 pass 26
1781686120 pass 16
1781686125 pass 12
1781686130 pass 14
1781686135 pass 34
1781686140 pass 87
1781686145 pass 83
1781686150 fail 500 8
1781686155 pass 70
1781686160 pass 52
1781686165 pass 57
1781686170 pass 69
1781686175 pass 54
1781686180 fail 500 8
1781686185 pass 59
1781686190 pass 59
1781686195 fail 500 8
1781686200 pass 14
1781686205 pass 14
1781686210 pass 13
1781686215 pass 16
1781686220 pass 15
1781686225 pass 14
1781686230 pass 19
1781686235 pass 23
1781686240 pass 12
1781686245 pass 31
1781686250 pass 26
1781686255 pass 20
1781686260 pass 29
1781686265 pass 16
1781686270 pass 12
1781686275 pass 14
1781686280 pass 19
1781686285 pass 23
1781686290 pass 16
1781686295 pass 26
1781686300 pass 13
1781686305 pass 22
1781686310 pass 16
1781686315 pass 26
1781686320 pass 23
